{"level":"\u001b[32minfo\u001b[39m","message":"Received Sucessfully: coalitions/88/coalitions_users?page[size]=100&page[number]=8","timestamp":"2022-12-29T12:18:07.668Z"}
{"level":"\u001b[31merror\u001b[39m","message":"Failed to save data to ca1","timestamp":"2022-12-29T12:19:46.586Z"}
["1","2","3","4","5","6","7","8","9","10"]
["1","2","3","4","5","6","7","8","9","10"]
{"level":"info","message":"Received Sucessfully: coalitions/88/coalitions_users?page[size]=100?page[number]=1","timestamp":"2022-12-29T12:53:56.964Z"}
{"level":"info","message":"Received Sucessfully: coalitions/88/coalitions_users?page[size]=100?page[number]=2","timestamp":"2022-12-29T12:53:57.439Z"}
{"level":"info","message":"Received Sucessfully: coalitions/88/coalitions_users?page[size]=100?page[number]=3","timestamp":"2022-12-29T12:53:57.949Z"}
{"level":"info","message":"Received Sucessfully: coalitions/88/coalitions_users?page[size]=100?page[number]=4","timestamp":"2022-12-29T12:53:58.444Z"}
{"level":"info","message":"Received Sucessfully: coalitions/88/coalitions_users?page[size]=100?page[number]=5","timestamp":"2022-12-29T12:53:58.952Z"}
{"level":"info","message":"Received Sucessfully: coalitions/88/coalitions_users?page[size]=100?page[number]=6","timestamp":"2022-12-29T12:53:59.468Z"}
{"level":"error","timestamp":"2022-12-29T12:54:00.139Z"}
{"level":"info","message":"Received Sucessfully: coalitions/88/coalitions_users?page[size]=100?page[number]=7","timestamp":"2022-12-29T12:54:01.654Z"}
{"level":"info","message":"Received Sucessfully: coalitions/88/coalitions_users?page[size]=100?page[number]=9","timestamp":"2022-12-29T12:54:01.670Z"}
{"level":"info","message":"Received Sucessfully: coalitions/88/coalitions_users?page[size]=100?page[number]=10","timestamp":"2022-12-29T12:54:02.015Z"}
{"level":"error","timestamp":"2022-12-29T12:54:02.016Z"}
{"level":"info","message":"Received Sucessfully: coalitions/88/coalitions_users?page[size]=100?page[number]=10","timestamp":"2022-12-29T12:54:02.548Z"}
{"level":"info","message":"Received Sucessfully: coalitions/88/coalitions_users?page[size]=100?page[number]=8","timestamp":"2022-12-29T12:54:02.676Z"}
["1","2","3","4","5","6","7","8","9","10"]
{"level":"info","message":"[]","timestamp":"2022-12-29T12:55:41.501Z"}
{"level":"info","message":"Received Sucessfully: coalitions/88/coalitions_users?page[size]=100?page[number]=2","timestamp":"2022-12-29T12:55:43.687Z"}
{"level":"info","message":"Received Sucessfully: coalitions/88/coalitions_users?page[size]=100?page[number]=1","timestamp":"2022-12-29T12:55:43.717Z"}
{"level":"info","message":"Received Sucessfully: coalitions/88/coalitions_users?page[size]=100?page[number]=3","timestamp":"2022-12-29T12:55:43.994Z"}
{"level":"error","timestamp":"2022-12-29T12:55:43.995Z"}
{"level":"info","message":"Received Sucessfully: coalitions/88/coalitions_users?page[size]=100?page[number]=5","timestamp":"2022-12-29T12:55:44.506Z"}
{"level":"info","message":"Received Sucessfully: coalitions/88/coalitions_users?page[size]=100?page[number]=4","timestamp":"2022-12-29T12:55:44.690Z"}
{"level":"info","message":"Received Sucessfully: coalitions/88/coalitions_users?page[size]=100?page[number]=6","timestamp":"2022-12-29T12:55:44.826Z"}
{"level":"error","timestamp":"2022-12-29T12:55:44.827Z"}
{"level":"info","message":"Received Sucessfully: coalitions/88/coalitions_users?page[size]=100?page[number]=7","timestamp":"2022-12-29T12:55:45.500Z"}
{"level":"info","message":"Received Sucessfully: coalitions/88/coalitions_users?page[size]=100?page[number]=8","timestamp":"2022-12-29T12:55:46.009Z"}
{"level":"info","message":"Received Sucessfully: coalitions/88/coalitions_users?page[size]=100?page[number]=9","timestamp":"2022-12-29T12:55:46.541Z"}
{"level":"info","message":"Received Sucessfully: coalitions/88/coalitions_users?page[size]=100?page[number]=10","timestamp":"2022-12-29T12:55:47.044Z"}
{"level":"info","message":"Received Sucessfully: coalitions/88/coalitions_users?page[size]=100?page[number]=3","timestamp":"2022-12-29T12:55:47.549Z"}
{"level":"info","message":"Received Sucessfully: coalitions/88/coalitions_users?page[size]=100?page[number]=6","timestamp":"2022-12-29T12:55:48.044Z"}
["1","2","3","4","5","6","7","8","9","10"]
{"level":"info","message":"Received Sucessfully: coalitions/88/coalitions_users?page[size]=100?page[number]=1","timestamp":"2022-12-29T13:02:32.748Z"}
{"level":"info","message":"Received Sucessfully: coalitions/88/coalitions_users?page[size]=100?page[number]=3","timestamp":"2022-12-29T13:02:33.346Z"}
{"level":"info","message":"Received Sucessfully: coalitions/88/coalitions_users?page[size]=100?page[number]=2","timestamp":"2022-12-29T13:02:33.408Z"}
{"level":"info","message":"Received Sucessfully: coalitions/88/coalitions_users?page[size]=100?page[number]=4","timestamp":"2022-12-29T13:02:33.614Z"}
{"level":"error","timestamp":"2022-12-29T13:02:33.615Z"}
{"level":"info","message":"Received Sucessfully: coalitions/88/coalitions_users?page[size]=100?page[number]=5","timestamp":"2022-12-29T13:02:34.303Z"}
{"level":"info","message":"Received Sucessfully: coalitions/88/coalitions_users?page[size]=100?page[number]=6","timestamp":"2022-12-29T13:02:34.795Z"}
{"level":"info","message":"Received Sucessfully: coalitions/88/coalitions_users?page[size]=100?page[number]=7","timestamp":"2022-12-29T13:02:35.317Z"}
{"level":"info","message":"Received Sucessfully: coalitions/88/coalitions_users?page[size]=100?page[number]=8","timestamp":"2022-12-29T13:02:35.812Z"}
{"level":"info","message":"Received Sucessfully: coalitions/88/coalitions_users?page[size]=100?page[number]=9","timestamp":"2022-12-29T13:02:36.340Z"}
{"level":"info","message":"Received Sucessfully: coalitions/88/coalitions_users?page[size]=100?page[number]=10","timestamp":"2022-12-29T13:02:36.862Z"}
{"level":"info","message":"Received Sucessfully: coalitions/88/coalitions_users?page[size]=100?page[number]=4","timestamp":"2022-12-29T13:02:37.398Z"}
["1","2","3","4","5","6","7","8","9","10"]
{"level":"info","message":"Received Sucessfully: coalitions/88/coalitions_users?page[size]=100?page[number]=1","timestamp":"2022-12-29T13:09:29.550Z"}
{"level":"info","message":"Received Sucessfully: coalitions/88/coalitions_users?page[size]=100?page[number]=2","timestamp":"2022-12-29T13:09:29.913Z"}
{"level":"info","message":"Received Sucessfully: coalitions/88/coalitions_users?page[size]=100?page[number]=3","timestamp":"2022-12-29T13:09:30.314Z"}
{"level":"info","message":"Received Sucessfully: coalitions/88/coalitions_users?page[size]=100?page[number]=4","timestamp":"2022-12-29T13:09:30.668Z"}
{"level":"info","message":"Received Sucessfully: coalitions/88/coalitions_users?page[size]=100?page[number]=5","timestamp":"2022-12-29T13:09:30.885Z"}
{"level":"error","timestamp":"2022-12-29T13:09:30.886Z"}
{"level":"info","message":"Received Sucessfully: coalitions/88/coalitions_users?page[size]=100?page[number]=6","timestamp":"2022-12-29T13:09:31.924Z"}
{"level":"info","message":"Received Sucessfully: coalitions/88/coalitions_users?page[size]=100?page[number]=7","timestamp":"2022-12-29T13:09:32.283Z"}
{"level":"info","message":"Received Sucessfully: coalitions/88/coalitions_users?page[size]=100?page[number]=8","timestamp":"2022-12-29T13:09:32.639Z"}
{"level":"info","message":"Received Sucessfully: coalitions/88/coalitions_users?page[size]=100?page[number]=9","timestamp":"2022-12-29T13:09:32.856Z"}
{"level":"error","timestamp":"2022-12-29T13:09:32.857Z"}
{"level":"info","message":"Received Sucessfully: coalitions/88/coalitions_users?page[size]=100?page[number]=10","timestamp":"2022-12-29T13:09:33.082Z"}
{"level":"error","timestamp":"2022-12-29T13:09:33.083Z"}
{"level":"info","message":"Received Sucessfully: coalitions/88/coalitions_users?page[size]=100?page[number]=5","timestamp":"2022-12-29T13:09:33.455Z"}
{"level":"info","message":"Received Sucessfully: coalitions/88/coalitions_users?page[size]=100?page[number]=9","timestamp":"2022-12-29T13:09:33.820Z"}
{"level":"info","message":"Received Sucessfully: coalitions/88/coalitions_users?page[size]=100?page[number]=10","timestamp":"2022-12-29T13:09:34.036Z"}
{"level":"error","timestamp":"2022-12-29T13:09:34.036Z"}
{"level":"info","message":"Received Sucessfully: coalitions/88/coalitions_users?page[size]=100?page[number]=10","timestamp":"2022-12-29T13:09:34.398Z"}
["1","2","3","4","5","6","7","8","9","10"]
["1","2","3","4","5","6","7","8","9","10"]
{"level":"info","message":"Received Sucessfully: coalitions/88/coalitions_users?page[size]=100?page[number]=1","timestamp":"2022-12-29T13:15:01.002Z"}
{"level":"info","message":"Received Sucessfully: coalitions/88/coalitions_users?page[size]=100?page[number]=2","timestamp":"2022-12-29T13:15:01.359Z"}
{"level":"info","message":"Received Sucessfully: coalitions/88/coalitions_users?page[size]=100?page[number]=3","timestamp":"2022-12-29T13:15:01.763Z"}
{"level":"info","message":"Received Sucessfully: coalitions/88/coalitions_users?page[size]=100?page[number]=4","timestamp":"2022-12-29T13:15:01.978Z"}
{"level":"error","timestamp":"2022-12-29T13:15:01.978Z"}
{"level":"info","message":"Received Sucessfully: coalitions/88/coalitions_users?page[size]=100?page[number]=5","timestamp":"2022-12-29T13:15:02.998Z"}
{"level":"info","message":"Received Sucessfully: coalitions/88/coalitions_users?page[size]=100?page[number]=6","timestamp":"2022-12-29T13:15:03.352Z"}
{"level":"info","message":"Received Sucessfully: coalitions/88/coalitions_users?page[size]=100?page[number]=7","timestamp":"2022-12-29T13:15:03.706Z"}
{"level":"info","message":"Received Sucessfully: coalitions/88/coalitions_users?page[size]=100?page[number]=8","timestamp":"2022-12-29T13:15:03.925Z"}
{"level":"error","timestamp":"2022-12-29T13:15:03.926Z"}
{"level":"info","message":"Received Sucessfully: coalitions/88/coalitions_users?page[size]=100?page[number]=9","timestamp":"2022-12-29T13:15:04.307Z"}
{"level":"info","message":"Received Sucessfully: coalitions/88/coalitions_users?page[size]=100?page[number]=10","timestamp":"2022-12-29T13:15:04.657Z"}
{"level":"info","message":"Received Sucessfully: coalitions/88/coalitions_users?page[size]=100?page[number]=4","timestamp":"2022-12-29T13:15:04.877Z"}
{"level":"error","timestamp":"2022-12-29T13:15:04.878Z"}
{"level":"info","message":"Received Sucessfully: coalitions/88/coalitions_users?page[size]=100?page[number]=8","timestamp":"2022-12-29T13:15:05.241Z"}
{"level":"info","message":"Received Sucessfully: coalitions/88/coalitions_users?page[size]=100?page[number]=4","timestamp":"2022-12-29T13:15:05.598Z"}
{"level":"info","message":"Received Sucessfully: coalitions/88/coalitions_users?page[size]=100?page[number]=1","timestamp":"2022-12-29T13:16:53.254Z"}
{"level":"info","message":"Received Sucessfully: coalitions/88/coalitions_users?page[size]=100?page[number]=2","timestamp":"2022-12-29T13:16:54.195Z"}
{"level":"info","message":"Received Sucessfully: coalitions/88/coalitions_users?page[size]=100?page[number]=3","timestamp":"2022-12-29T13:16:55.134Z"}
{"level":"info","message":"Received Sucessfully: coalitions/88/coalitions_users?page[size]=100?page[number]=4","timestamp":"2022-12-29T13:16:56.015Z"}
{"level":"info","message":"Received Sucessfully: coalitions/88/coalitions_users?page[size]=100?page[number]=5","timestamp":"2022-12-29T13:16:56.895Z"}
{"level":"info","message":"Received Sucessfully: coalitions/88/coalitions_users?page[size]=100?page[number]=6","timestamp":"2022-12-29T13:16:57.769Z"}
{"level":"info","message":"Received Sucessfully: coalitions/88/coalitions_users?page[size]=100?page[number]=7","timestamp":"2022-12-29T13:16:58.652Z"}
{"level":"info","message":"Received Sucessfully: coalitions/88/coalitions_users?page[size]=100?page[number]=8","timestamp":"2022-12-29T13:16:59.526Z"}
{"level":"info","message":"Received Sucessfully: coalitions/88/coalitions_users?page[size]=100?page[number]=9","timestamp":"2022-12-29T13:17:00.404Z"}
{"level":"info","message":"Received Sucessfully: coalitions/88/coalitions_users?page[size]=100?page[number]=10","timestamp":"2022-12-29T13:17:01.281Z"}
{"level":"info","message":"Received Sucessfully: coalitions/88/coalitions_users?page[size]=100?page[number]=1","timestamp":"2022-12-29T13:20:32.015Z"}
{"level":"info","message":"Received Sucessfully: coalitions/88/coalitions_users?page[size]=100?page[number]=2","timestamp":"2022-12-29T13:20:32.899Z"}
{"level":"info","message":"Received Sucessfully: coalitions/88/coalitions_users?page[size]=100?page[number]=3","timestamp":"2022-12-29T13:20:33.790Z"}
{"level":"info","message":"Received Sucessfully: coalitions/88/coalitions_users?page[size]=100?page[number]=4","timestamp":"2022-12-29T13:20:34.676Z"}
{"level":"info","message":"Received Sucessfully: coalitions/88/coalitions_users?page[size]=100?page[number]=5","timestamp":"2022-12-29T13:20:35.565Z"}
{"level":"info","message":"Received Sucessfully: coalitions/88/coalitions_users?page[size]=100?page[number]=6","timestamp":"2022-12-29T13:20:36.450Z"}
{"level":"info","message":"Received Sucessfully: coalitions/88/coalitions_users?page[size]=100?page[number]=7","timestamp":"2022-12-29T13:20:37.336Z"}
{"level":"info","message":"Received Sucessfully: coalitions/88/coalitions_users?page[size]=100?page[number]=8","timestamp":"2022-12-29T13:20:38.246Z"}
{"level":"info","message":"Received Sucessfully: coalitions/88/coalitions_users?page[size]=100?page[number]=9","timestamp":"2022-12-29T13:20:39.130Z"}
{"level":"info","message":"Received Sucessfully: coalitions/88/coalitions_users?page[size]=100?page[number]=10","timestamp":"2022-12-29T13:20:40.016Z"}
{"level":"info","message":"Received Sucessfully: coalitions/88/coalitions_users?page[size]=100?page[number]=1","timestamp":"2022-12-29T13:21:56.971Z"}
{"level":"info","message":"Received Sucessfully: coalitions/88/coalitions_users?page[size]=100?page[number]=2","timestamp":"2022-12-29T13:21:57.857Z"}
{"level":"info","message":"Received Sucessfully: coalitions/88/coalitions_users?page[size]=100?page[number]=3","timestamp":"2022-12-29T13:21:58.729Z"}
{"level":"info","message":"Received Sucessfully: coalitions/88/coalitions_users?page[size]=100?page[number]=4","timestamp":"2022-12-29T13:21:59.605Z"}
{"level":"info","message":"Received Sucessfully: coalitions/88/coalitions_users?page[size]=100?page[number]=5","timestamp":"2022-12-29T13:22:00.480Z"}
{"level":"info","message":"Received Sucessfully: coalitions/88/coalitions_users?page[size]=100?page[number]=6","timestamp":"2022-12-29T13:22:01.354Z"}
{"level":"info","message":"Received Sucessfully: coalitions/88/coalitions_users?page[size]=100?page[number]=7","timestamp":"2022-12-29T13:22:02.272Z"}
{"level":"info","message":"Received Sucessfully: coalitions/88/coalitions_users?page[size]=100?page[number]=8","timestamp":"2022-12-29T13:22:03.152Z"}
{"level":"info","message":"Received Sucessfully: coalitions/88/coalitions_users?page[size]=100?page[number]=9","timestamp":"2022-12-29T13:22:04.021Z"}
{"level":"info","message":"Received Sucessfully: coalitions/88/coalitions_users?page[size]=100?page[number]=10","timestamp":"2022-12-29T13:22:04.900Z"}
